2023-12-02 19:53:51,391 javafx.fxml.FXMLLoader$ValueElement processValue - Loading FXML document with JavaFX API of version 15.0.1 by JavaFX runtime of version 8.0.281
2023-12-02 19:53:53,443 org.example.controller.FxController typeHaircutHandler - Нажата кнопка для команды CHOSE_HAIRCUT, id type_haircut
2023-12-02 19:53:53,472 org.example.controller.FxController typeHaircutHandler - Для пользователя сформированны параметры: [головы, бороды]
2023-12-02 19:53:56,071 org.example.controller.FxController inputTypeHaircut - Пользователь задал параметры: [головы, бороды]
2023-12-02 19:53:56,100 org.example.controller.FxController inputTypeHaircut - Команда CHOSE_HAIRCUT обработана
2023-12-02 19:53:56,801 org.example.controller.FxController forCommandHandler - Нажата кнопка для команды FOR, id HEAD
2023-12-02 19:53:56,821 org.example.controller.FxController forCommandHandler - Команда FOR_HEAD обработана
2023-12-02 19:53:57,433 org.example.controller.FxController currentLongHandler - Нажата кнопка для команды CURRENT_LONG, id current_головы_верха
2023-12-02 19:53:59,001 org.example.controller.FxController inputCurentLong - Пользователь задал параметр: 200
2023-12-02 19:53:59,042 org.example.controller.FxController inputCurentLong - Команда CURRENT_LONG_HEAD обработана
2023-12-02 19:53:59,945 org.example.controller.FxController currentLongHandler - Нажата кнопка для команды CURRENT_LONG, id current_головы_висков
2023-12-02 19:54:00,793 org.example.controller.FxController inputCurentLong - Пользователь задал параметр: 200
2023-12-02 19:54:00,798 org.example.controller.FxController inputCurentLong - Команда CURRENT_LONG_HEAD обработана
2023-12-02 19:54:01,561 org.example.controller.FxController currentLongHandler - Нажата кнопка для команды CURRENT_LONG, id current_головы_затылка
2023-12-02 19:54:02,553 org.example.controller.FxController inputCurentLong - Пользователь задал параметр: 200
2023-12-02 19:54:02,567 org.example.controller.FxController inputCurentLong - Команда CURRENT_LONG_HEAD обработана
2023-12-02 19:54:07,041 org.example.controller.FxController disiredLongHandler - Нажата кнопка для команды DESIRED_LONG, id disired_головы_верха
2023-12-02 19:54:17,515 org.example.controller.FxController inputDesiredLong - Пользователь задал параметр: 300
2023-12-02 19:54:17,538 org.example.App showError - ***Default exception handler***
2023-12-02 19:54:17,540 org.example.App showError - В приложении произошла ошибка: 
java.lang.IllegalArgumentException: Длина волос до стрижки, должна быть больше или равна, чем после стрижки
	at org.apache.commons.lang3.Validate.isTrue(Validate.java:155)
	at org.example.Utils.assertDisiredLessThenCurrent(Utils.java:98)
	at org.example.Utils.validateDisiredLessThenCurrent(Utils.java:94)
	at org.example.behaviour.CommandBihaviour.desiredLong(CommandBihaviour.java:73)
	at org.example.controller.FxController.inputDesiredLong(FxController.java:265)
	at org.example.controller.FxController.lambda$disiredLongHandler$7(FxController.java:252)
	at com.sun.javafx.event.CompositeEventHandler.dispatchBubblingEvent(CompositeEventHandler.java:86)
	at com.sun.javafx.event.EventHandlerManager.dispatchBubblingEvent(EventHandlerManager.java:238)
	at com.sun.javafx.event.EventHandlerManager.dispatchBubblingEvent(EventHandlerManager.java:191)
	at com.sun.javafx.event.CompositeEventDispatcher.dispatchBubblingEvent(CompositeEventDispatcher.java:59)
	at com.sun.javafx.event.BasicEventDispatcher.dispatchEvent(BasicEventDispatcher.java:58)
	at com.sun.javafx.event.EventDispatchChainImpl.dispatchEvent(EventDispatchChainImpl.java:114)
	at com.sun.javafx.event.BasicEventDispatcher.dispatchEvent(BasicEventDispatcher.java:56)
	at com.sun.javafx.event.EventDispatchChainImpl.dispatchEvent(EventDispatchChainImpl.java:114)
	at com.sun.javafx.event.BasicEventDispatcher.dispatchEvent(BasicEventDispatcher.java:56)
	at com.sun.javafx.event.EventDispatchChainImpl.dispatchEvent(EventDispatchChainImpl.java:114)
	at com.sun.javafx.event.BasicEventDispatcher.dispatchEvent(BasicEventDispatcher.java:56)
	at com.sun.javafx.event.EventDispatchChainImpl.dispatchEvent(EventDispatchChainImpl.java:114)
	at com.sun.javafx.event.EventUtil.fireEventImpl(EventUtil.java:74)
	at com.sun.javafx.event.EventUtil.fireEvent(EventUtil.java:49)
	at javafx.event.Event.fireEvent(Event.java:198)
	at javafx.scene.Node.fireEvent(Node.java:8411)
	at javafx.scene.control.Button.fire(Button.java:185)
	at com.sun.javafx.scene.control.behavior.ButtonBehavior.mouseReleased(ButtonBehavior.java:182)
	at com.sun.javafx.scene.control.skin.BehaviorSkinBase$1.handle(BehaviorSkinBase.java:96)
	at com.sun.javafx.scene.control.skin.BehaviorSkinBase$1.handle(BehaviorSkinBase.java:89)
	at com.sun.javafx.event.CompositeEventHandler$NormalEventHandlerRecord.handleBubblingEvent(CompositeEventHandler.java:218)
	at com.sun.javafx.event.CompositeEventHandler.dispatchBubblingEvent(CompositeEventHandler.java:80)
	at com.sun.javafx.event.EventHandlerManager.dispatchBubblingEvent(EventHandlerManager.java:238)
	at com.sun.javafx.event.EventHandlerManager.dispatchBubblingEvent(EventHandlerManager.java:191)
	at com.sun.javafx.event.CompositeEventDispatcher.dispatchBubblingEvent(CompositeEventDispatcher.java:59)
	at com.sun.javafx.event.BasicEventDispatcher.dispatchEvent(BasicEventDispatcher.java:58)
	at com.sun.javafx.event.EventDispatchChainImpl.dispatchEvent(EventDispatchChainImpl.java:114)
	at com.sun.javafx.event.BasicEventDispatcher.dispatchEvent(BasicEventDispatcher.java:56)
	at com.sun.javafx.event.EventDispatchChainImpl.dispatchEvent(EventDispatchChainImpl.java:114)
	at com.sun.javafx.event.BasicEventDispatcher.dispatchEvent(BasicEventDispatcher.java:56)
	at com.sun.javafx.event.EventDispatchChainImpl.dispatchEvent(EventDispatchChainImpl.java:114)
	at com.sun.javafx.event.BasicEventDispatcher.dispatchEvent(BasicEventDispatcher.java:56)
	at com.sun.javafx.event.EventDispatchChainImpl.dispatchEvent(EventDispatchChainImpl.java:114)
	at com.sun.javafx.event.EventUtil.fireEventImpl(EventUtil.java:74)
	at com.sun.javafx.event.EventUtil.fireEvent(EventUtil.java:54)
	at javafx.event.Event.fireEvent(Event.java:198)
	at javafx.scene.Scene$MouseHandler.process(Scene.java:3757)
	at javafx.scene.Scene$MouseHandler.access$1500(Scene.java:3485)
	at javafx.scene.Scene.impl_processMouseEvent(Scene.java:1762)
	at javafx.scene.Scene$ScenePeerListener.mouseEvent(Scene.java:2494)
	at com.sun.javafx.tk.quantum.GlassViewEventHandler$MouseEventNotification.run(GlassViewEventHandler.java:397)
	at com.sun.javafx.tk.quantum.GlassViewEventHandler$MouseEventNotification.run(GlassViewEventHandler.java:295)
	at java.security.AccessController.doPrivileged(Native Method)
	at com.sun.javafx.tk.quantum.GlassViewEventHandler.lambda$handleMouseEvent$2(GlassViewEventHandler.java:434)
	at com.sun.javafx.tk.quantum.QuantumToolkit.runWithoutRenderLock(QuantumToolkit.java:410)
	at com.sun.javafx.tk.quantum.GlassViewEventHandler.handleMouseEvent(GlassViewEventHandler.java:433)
	at com.sun.glass.ui.View.handleMouseEvent(View.java:555)
	at com.sun.glass.ui.View.notifyMouse(View.java:941)
	at com.sun.glass.ui.win.WinApplication._runLoop(Native Method)
	at com.sun.glass.ui.win.WinApplication.lambda$null$4(WinApplication.java:185)
	at java.lang.Thread.run(Thread.java:748)

2023-12-02 19:54:41,481 org.example.controller.FxController inputDesiredLong - Пользователь задал параметр: 100
2023-12-02 19:54:41,486 org.example.controller.FxController inputDesiredLong - Команда DESIRED_LONG обработана
2023-12-02 19:54:43,217 org.example.controller.FxController disiredLongHandler - Нажата кнопка для команды DESIRED_LONG, id disired_головы_висков
2023-12-02 19:54:51,657 org.example.controller.FxController inputDesiredLong - Пользователь задал параметр: 150
2023-12-02 19:54:51,659 org.example.App showError - ***Default exception handler***
2023-12-02 19:54:51,660 org.example.App showError - В приложении произошла ошибка: 
java.lang.IllegalArgumentException: Длина волос верха дожна быть больше или равна вискам
	at org.apache.commons.lang3.Validate.isTrue(Validate.java:155)
	at org.example.Utils.validateTopAndWiskyLong(Utils.java:112)
	at org.example.behaviour.CommandBihaviour.desiredLong(CommandBihaviour.java:74)
	at org.example.controller.FxController.inputDesiredLong(FxController.java:265)
	at org.example.controller.FxController.lambda$disiredLongHandler$7(FxController.java:252)
	at com.sun.javafx.event.CompositeEventHandler.dispatchBubblingEvent(CompositeEventHandler.java:86)
	at com.sun.javafx.event.EventHandlerManager.dispatchBubblingEvent(EventHandlerManager.java:238)
	at com.sun.javafx.event.EventHandlerManager.dispatchBubblingEvent(EventHandlerManager.java:191)
	at com.sun.javafx.event.CompositeEventDispatcher.dispatchBubblingEvent(CompositeEventDispatcher.java:59)
	at com.sun.javafx.event.BasicEventDispatcher.dispatchEvent(BasicEventDispatcher.java:58)
	at com.sun.javafx.event.EventDispatchChainImpl.dispatchEvent(EventDispatchChainImpl.java:114)
	at com.sun.javafx.event.BasicEventDispatcher.dispatchEvent(BasicEventDispatcher.java:56)
	at com.sun.javafx.event.EventDispatchChainImpl.dispatchEvent(EventDispatchChainImpl.java:114)
	at com.sun.javafx.event.BasicEventDispatcher.dispatchEvent(BasicEventDispatcher.java:56)
	at com.sun.javafx.event.EventDispatchChainImpl.dispatchEvent(EventDispatchChainImpl.java:114)
	at com.sun.javafx.event.BasicEventDispatcher.dispatchEvent(BasicEventDispatcher.java:56)
	at com.sun.javafx.event.EventDispatchChainImpl.dispatchEvent(EventDispatchChainImpl.java:114)
	at com.sun.javafx.event.EventUtil.fireEventImpl(EventUtil.java:74)
	at com.sun.javafx.event.EventUtil.fireEvent(EventUtil.java:49)
	at javafx.event.Event.fireEvent(Event.java:198)
	at javafx.scene.Node.fireEvent(Node.java:8411)
	at javafx.scene.control.Button.fire(Button.java:185)
	at com.sun.javafx.scene.control.behavior.ButtonBehavior.mouseReleased(ButtonBehavior.java:182)
	at com.sun.javafx.scene.control.skin.BehaviorSkinBase$1.handle(BehaviorSkinBase.java:96)
	at com.sun.javafx.scene.control.skin.BehaviorSkinBase$1.handle(BehaviorSkinBase.java:89)
	at com.sun.javafx.event.CompositeEventHandler$NormalEventHandlerRecord.handleBubblingEvent(CompositeEventHandler.java:218)
	at com.sun.javafx.event.CompositeEventHandler.dispatchBubblingEvent(CompositeEventHandler.java:80)
	at com.sun.javafx.event.EventHandlerManager.dispatchBubblingEvent(EventHandlerManager.java:238)
	at com.sun.javafx.event.EventHandlerManager.dispatchBubblingEvent(EventHandlerManager.java:191)
	at com.sun.javafx.event.CompositeEventDispatcher.dispatchBubblingEvent(CompositeEventDispatcher.java:59)
	at com.sun.javafx.event.BasicEventDispatcher.dispatchEvent(BasicEventDispatcher.java:58)
	at com.sun.javafx.event.EventDispatchChainImpl.dispatchEvent(EventDispatchChainImpl.java:114)
	at com.sun.javafx.event.BasicEventDispatcher.dispatchEvent(BasicEventDispatcher.java:56)
	at com.sun.javafx.event.EventDispatchChainImpl.dispatchEvent(EventDispatchChainImpl.java:114)
	at com.sun.javafx.event.BasicEventDispatcher.dispatchEvent(BasicEventDispatcher.java:56)
	at com.sun.javafx.event.EventDispatchChainImpl.dispatchEvent(EventDispatchChainImpl.java:114)
	at com.sun.javafx.event.BasicEventDispatcher.dispatchEvent(BasicEventDispatcher.java:56)
	at com.sun.javafx.event.EventDispatchChainImpl.dispatchEvent(EventDispatchChainImpl.java:114)
	at com.sun.javafx.event.EventUtil.fireEventImpl(EventUtil.java:74)
	at com.sun.javafx.event.EventUtil.fireEvent(EventUtil.java:54)
	at javafx.event.Event.fireEvent(Event.java:198)
	at javafx.scene.Scene$MouseHandler.process(Scene.java:3757)
	at javafx.scene.Scene$MouseHandler.access$1500(Scene.java:3485)
	at javafx.scene.Scene.impl_processMouseEvent(Scene.java:1762)
	at javafx.scene.Scene$ScenePeerListener.mouseEvent(Scene.java:2494)
	at com.sun.javafx.tk.quantum.GlassViewEventHandler$MouseEventNotification.run(GlassViewEventHandler.java:397)
	at com.sun.javafx.tk.quantum.GlassViewEventHandler$MouseEventNotification.run(GlassViewEventHandler.java:295)
	at java.security.AccessController.doPrivileged(Native Method)
	at com.sun.javafx.tk.quantum.GlassViewEventHandler.lambda$handleMouseEvent$2(GlassViewEventHandler.java:434)
	at com.sun.javafx.tk.quantum.QuantumToolkit.runWithoutRenderLock(QuantumToolkit.java:410)
	at com.sun.javafx.tk.quantum.GlassViewEventHandler.handleMouseEvent(GlassViewEventHandler.java:433)
	at com.sun.glass.ui.View.handleMouseEvent(View.java:555)
	at com.sun.glass.ui.View.notifyMouse(View.java:941)
	at com.sun.glass.ui.win.WinApplication._runLoop(Native Method)
	at com.sun.glass.ui.win.WinApplication.lambda$null$4(WinApplication.java:185)
	at java.lang.Thread.run(Thread.java:748)

2023-12-02 19:55:23,543 org.example.controller.FxController inputDesiredLong - Пользователь задал параметр: 100
2023-12-02 19:55:23,544 org.example.controller.FxController inputDesiredLong - Команда DESIRED_LONG обработана
2023-12-02 19:55:24,481 org.example.controller.FxController disiredLongHandler - Нажата кнопка для команды DESIRED_LONG, id disired_головы_затылка
2023-12-02 19:56:46,263 org.example.controller.FxController inputDesiredLong - Пользователь задал параметр: 100
2023-12-02 19:56:46,264 org.example.controller.FxController inputDesiredLong - Команда DESIRED_LONG обработана
2023-12-02 19:56:47,639 org.example.controller.FxController colorHandler - Нажата кнопка для команды HAIR_COLOR, id color_головы
2023-12-02 19:56:47,646 org.example.controller.FxController colorHandler - Для пользователя сформированны параметры: [без изменений, черный, белый, зеленый, синий, рыжий, красный]
2023-12-02 19:56:49,906 org.example.controller.FxController inputColor - Пользователь задал параметры: синий
2023-12-02 19:56:49,908 org.example.controller.FxController inputColor - Команда HAIR_COLOR обработана
2023-12-02 19:56:50,952 org.example.controller.FxController styilingHandler - Нажата кнопка для команды HAIR_STYLING, id styiling_головы
2023-12-02 19:56:50,955 org.example.controller.FxController styilingHandler - Для пользователя сформированны параметры: [челка влево, челка вправо, кудри, пробор, дреды]
2023-12-02 19:56:58,066 org.example.controller.FxController getAndValidateStyilingsParams - Пользователь задал параметры: [ЧЕЛКА ВПРАВО, ДРЕДЫ]
2023-12-02 19:56:58,072 org.example.App showError - ***Default exception handler***
2023-12-02 19:56:58,073 org.example.App showError - В приложении произошла ошибка: 
java.lang.IllegalArgumentException: Комбинация параметров укладки невозможна
	at org.apache.commons.lang3.Validate.isTrue(Validate.java:155)
	at org.example.controller.FxController.getAndValidateStyilingsParams(FxController.java:435)
	at org.example.controller.FxController.stylingHandler(FxController.java:411)
	at org.example.controller.FxController.lambda$styilingHandler$17(FxController.java:386)
	at com.sun.javafx.event.CompositeEventHandler.dispatchBubblingEvent(CompositeEventHandler.java:86)
	at com.sun.javafx.event.EventHandlerManager.dispatchBubblingEvent(EventHandlerManager.java:238)
	at com.sun.javafx.event.EventHandlerManager.dispatchBubblingEvent(EventHandlerManager.java:191)
	at com.sun.javafx.event.CompositeEventDispatcher.dispatchBubblingEvent(CompositeEventDispatcher.java:59)
	at com.sun.javafx.event.BasicEventDispatcher.dispatchEvent(BasicEventDispatcher.java:58)
	at com.sun.javafx.event.EventDispatchChainImpl.dispatchEvent(EventDispatchChainImpl.java:114)
	at com.sun.javafx.event.BasicEventDispatcher.dispatchEvent(BasicEventDispatcher.java:56)
	at com.sun.javafx.event.EventDispatchChainImpl.dispatchEvent(EventDispatchChainImpl.java:114)
	at com.sun.javafx.event.BasicEventDispatcher.dispatchEvent(BasicEventDispatcher.java:56)
	at com.sun.javafx.event.EventDispatchChainImpl.dispatchEvent(EventDispatchChainImpl.java:114)
	at com.sun.javafx.event.BasicEventDispatcher.dispatchEvent(BasicEventDispatcher.java:56)
	at com.sun.javafx.event.EventDispatchChainImpl.dispatchEvent(EventDispatchChainImpl.java:114)
	at com.sun.javafx.event.EventUtil.fireEventImpl(EventUtil.java:74)
	at com.sun.javafx.event.EventUtil.fireEvent(EventUtil.java:49)
	at javafx.event.Event.fireEvent(Event.java:198)
	at javafx.scene.Node.fireEvent(Node.java:8411)
	at javafx.scene.control.Button.fire(Button.java:185)
	at com.sun.javafx.scene.control.behavior.ButtonBehavior.mouseReleased(ButtonBehavior.java:182)
	at com.sun.javafx.scene.control.skin.BehaviorSkinBase$1.handle(BehaviorSkinBase.java:96)
	at com.sun.javafx.scene.control.skin.BehaviorSkinBase$1.handle(BehaviorSkinBase.java:89)
	at com.sun.javafx.event.CompositeEventHandler$NormalEventHandlerRecord.handleBubblingEvent(CompositeEventHandler.java:218)
	at com.sun.javafx.event.CompositeEventHandler.dispatchBubblingEvent(CompositeEventHandler.java:80)
	at com.sun.javafx.event.EventHandlerManager.dispatchBubblingEvent(EventHandlerManager.java:238)
	at com.sun.javafx.event.EventHandlerManager.dispatchBubblingEvent(EventHandlerManager.java:191)
	at com.sun.javafx.event.CompositeEventDispatcher.dispatchBubblingEvent(CompositeEventDispatcher.java:59)
	at com.sun.javafx.event.BasicEventDispatcher.dispatchEvent(BasicEventDispatcher.java:58)
	at com.sun.javafx.event.EventDispatchChainImpl.dispatchEvent(EventDispatchChainImpl.java:114)
	at com.sun.javafx.event.BasicEventDispatcher.dispatchEvent(BasicEventDispatcher.java:56)
	at com.sun.javafx.event.EventDispatchChainImpl.dispatchEvent(EventDispatchChainImpl.java:114)
	at com.sun.javafx.event.BasicEventDispatcher.dispatchEvent(BasicEventDispatcher.java:56)
	at com.sun.javafx.event.EventDispatchChainImpl.dispatchEvent(EventDispatchChainImpl.java:114)
	at com.sun.javafx.event.BasicEventDispatcher.dispatchEvent(BasicEventDispatcher.java:56)
	at com.sun.javafx.event.EventDispatchChainImpl.dispatchEvent(EventDispatchChainImpl.java:114)
	at com.sun.javafx.event.EventUtil.fireEventImpl(EventUtil.java:74)
	at com.sun.javafx.event.EventUtil.fireEvent(EventUtil.java:54)
	at javafx.event.Event.fireEvent(Event.java:198)
	at javafx.scene.Scene$MouseHandler.process(Scene.java:3757)
	at javafx.scene.Scene$MouseHandler.access$1500(Scene.java:3485)
	at javafx.scene.Scene.impl_processMouseEvent(Scene.java:1762)
	at javafx.scene.Scene$ScenePeerListener.mouseEvent(Scene.java:2494)
	at com.sun.javafx.tk.quantum.GlassViewEventHandler$MouseEventNotification.run(GlassViewEventHandler.java:397)
	at com.sun.javafx.tk.quantum.GlassViewEventHandler$MouseEventNotification.run(GlassViewEventHandler.java:295)
	at java.security.AccessController.doPrivileged(Native Method)
	at com.sun.javafx.tk.quantum.GlassViewEventHandler.lambda$handleMouseEvent$2(GlassViewEventHandler.java:434)
	at com.sun.javafx.tk.quantum.QuantumToolkit.runWithoutRenderLock(QuantumToolkit.java:410)
	at com.sun.javafx.tk.quantum.GlassViewEventHandler.handleMouseEvent(GlassViewEventHandler.java:433)
	at com.sun.glass.ui.View.handleMouseEvent(View.java:555)
	at com.sun.glass.ui.View.notifyMouse(View.java:941)
	at com.sun.glass.ui.win.WinApplication._runLoop(Native Method)
	at com.sun.glass.ui.win.WinApplication.lambda$null$4(WinApplication.java:185)
	at java.lang.Thread.run(Thread.java:748)

2023-12-02 19:58:00,657 org.example.controller.FxController getAndValidateStyilingsParams - Пользователь задал параметры: [КУДРИ]
2023-12-02 19:58:00,662 org.example.controller.FxController stylingHandler - Команда HAIR_STYLING обработана
2023-12-02 19:58:02,657 org.example.controller.FxController satisfiedHandler - Нажата кнопка для команды SATISFIED, id satisfied
2023-12-02 19:58:02,660 org.example.controller.FxController satisfiedHandler - Команда SATISFIED обработана
2023-12-02 19:58:03,088 org.example.controller.FxController haircutHandler - Нажата кнопка для команды HAIRCUT, id HEAD
2023-12-02 19:58:03,097 org.example.controller.FxController haircutHandler - Команда HAIRCUT обработана
2023-12-02 19:58:21,592 org.example.controller.FxController wahingHandler - Нажата кнопка для команды WASHING_HAIR, id wahingголовы_виски
2023-12-02 19:58:21,595 org.example.controller.FxController wahingHandler - Команда WASHING_HAIR обработана
2023-12-02 19:58:22,137 org.example.controller.FxController dryingHandler - Нажата кнопка для команды DRYING_HAIR, id drying_головы_виски
2023-12-02 19:58:22,139 org.example.controller.FxController dryingHandler - Команда DRYING_HAIR обработана
2023-12-02 19:58:22,992 org.example.controller.FxController colorProcessHandler - Нажата кнопка для команды COLOR_PROCESS, id colorголовы_
2023-12-02 19:58:22,994 org.example.controller.FxController colorProcessHandler - Команда COLOR_PROCESS обработана
2023-12-02 19:58:37,722 org.example.controller.FxController haircutSectorHandler - Нажата кнопка для команды HAIRCUT_SECTOR, id haircut_головы_виски
2023-12-02 19:58:37,725 org.example.controller.FxController haircutSectorHandler - Команда HAIRCUT_SECTOR обработана
2023-12-02 19:58:38,696 org.example.controller.FxController haircutSectorHandler - Нажата кнопка для команды HAIRCUT_SECTOR, id haircut_головы_затылок
2023-12-02 19:58:38,698 org.example.controller.FxController haircutSectorHandler - Команда HAIRCUT_SECTOR обработана
2023-12-02 19:58:39,270 org.example.controller.FxController haircutSectorHandler - Нажата кнопка для команды HAIRCUT_SECTOR, id haircut_головы_верх
2023-12-02 19:58:39,273 org.example.controller.FxController haircutSectorHandler - Команда HAIRCUT_SECTOR обработана
2023-12-02 19:58:52,635 org.example.controller.FxController createFaceImage - Файлы для отображения: [black_long_top_long_wisky_base.png]
2023-12-02 19:58:52,686 org.example.controller.FxController createFaceImage - Файлы для отображения: [black_midle_top_midle_wisky_curls.png]
2023-12-02 19:59:00,444 org.example.controller.FxController createFaceImage - Файлы для отображения: [black_long_top_long_wisky_base.png]
2023-12-02 19:59:00,492 org.example.controller.FxController createFaceImage - Файлы для отображения: [black_midle_top_midle_wisky_curls.png]
2023-12-02 19:59:00,780 org.example.controller.FxController createFaceImage - Файлы для отображения: [black_long_washing.png]
2023-12-02 19:59:00,821 org.example.controller.FxController createFaceImage - Файлы для отображения: [black_midle_top_midle_wisky_curls.png]
2023-12-02 19:59:00,956 org.example.controller.FxController createFaceImage - Файлы для отображения: [black_long_top_long_wisky_base.png]
2023-12-02 19:59:01,000 org.example.controller.FxController createFaceImage - Файлы для отображения: [black_midle_top_midle_wisky_curls.png]
2023-12-02 19:59:01,138 org.example.controller.FxController createFaceImage - Файлы для отображения: [black_long_top_long_wisky_base.png]
2023-12-02 19:59:01,204 org.example.controller.FxController createFaceImage - Файлы для отображения: [black_midle_top_midle_wisky_curls.png]
2023-12-02 19:59:01,311 org.example.controller.FxController createFaceImage - Файлы для отображения: [black_long_top_midle_wisky_base.png]
2023-12-02 19:59:01,329 org.example.controller.FxController createFaceImage - Файлы для отображения: [black_midle_top_midle_wisky_curls.png]
2023-12-02 19:59:02,030 org.example.controller.FxController createFaceImage - Файлы для отображения: [black_long_top_midle_wisky_base.png]
2023-12-02 19:59:02,075 org.example.controller.FxController createFaceImage - Файлы для отображения: [black_midle_top_midle_wisky_curls.png]
2023-12-02 19:59:02,685 org.example.controller.FxController createFaceImage - Файлы для отображения: [black_midle_top_midle_wisky_base.png]
2023-12-02 19:59:02,731 org.example.controller.FxController createFaceImage - Файлы для отображения: [black_midle_top_midle_wisky_curls.png]
